# JRE version: OpenJDK Runtime Environment (Red_Hat-17.0.7.0.7-4.fc38) (17.0.7+7) (build 17.0.7+7)
# Java VM: OpenJDK 64-Bit Server VM (Red_Hat-17.0.7.0.7-4.fc38) (17.0.7+7, mixed mode, sharing, tiered, compressed oops, compressed class ptrs, g1 gc, linux-amd64)
GC Precious Log:
 CPUs: 8 total, 8 available
 Memory: 15724M
 Large Page Support: Disabled
 NUMA Support: Disabled
 Compressed Oops: Enabled (Zero based)
 Heap Region Size: 2M
 Heap Min Capacity: 8M
 Heap Initial Capacity: 246M
 Heap Max Capacity: 3932M
 Pre-touch: Disabled
 Parallel Workers: 8
 Concurrent Workers: 2
 Concurrent Refinement Workers: 8
 Periodic GC: Disabled
Heap:
 garbage-first heap   total 354304K, used 171423K [0x000000070a400000, 0x0000000800000000)
  region size 2048K, 9 young (18432K), 2 survivors (4096K)
 Metaspace       used 81580K, committed 82496K, reserved 1179648K
  class space    used 8886K, committed 9280K, reserved 1048576K
GC Heap History (20 events):
Event: 103.336 GC heap before
{Heap before GC invocations=50 (full 0):
 garbage-first heap   total 354304K, used 150189K [0x000000070a400000, 0x0000000800000000)
  region size 2048K, 8 young (16384K), 5 survivors (10240K)
 Metaspace       used 61926K, committed 62464K, reserved 1114112K
  class space    used 6560K, committed 6784K, reserved 1048576K
}
Event: 103.347 GC heap after
{Heap after GC invocations=51 (full 0):
 garbage-first heap   total 354304K, used 135341K [0x000000070a400000, 0x0000000800000000)
  region size 2048K, 1 young (2048K), 1 survivors (2048K)
 Metaspace       used 61926K, committed 62464K, reserved 1114112K
  class space    used 6560K, committed 6784K, reserved 1048576K
}
Event: 106.116 GC heap before
{Heap before GC invocations=51 (full 0):
 garbage-first heap   total 354304K, used 286893K [0x000000070a400000, 0x0000000800000000)
  region size 2048K, 76 young (155648K), 1 survivors (2048K)
 Metaspace       used 64567K, committed 65088K, reserved 1114112K
  class space    used 6816K, committed 7040K, reserved 1048576K
}
Event: 106.122 GC heap after
{Heap after GC invocations=52 (full 0):
 garbage-first heap   total 354304K, used 136995K [0x000000070a400000, 0x0000000800000000)
  region size 2048K, 2 young (4096K), 2 survivors (4096K)
 Metaspace       used 64567K, committed 65088K, reserved 1114112K
  class space    used 6816K, committed 7040K, reserved 1048576K
}
Event: 106.465 GC heap before
{Heap before GC invocations=53 (full 0):
 garbage-first heap   total 354304K, used 282403K [0x000000070a400000, 0x0000000800000000)
  region size 2048K, 78 young (159744K), 2 survivors (4096K)
 Metaspace       used 61570K, committed 62592K, reserved 1114112K
  class space    used 6449K, committed 6784K, reserved 1048576K
}
Event: 106.472 GC heap after
{Heap after GC invocations=54 (full 0):
 garbage-first heap   total 354304K, used 127436K [0x000000070a400000, 0x0000000800000000)
  region size 2048K, 2 young (4096K), 2 survivors (4096K)
 Metaspace       used 61570K, committed 62592K, reserved 1114112K
  class space    used 6449K, committed 6784K, reserved 1048576K
}
Event: 106.498 GC heap before
{Heap before GC invocations=54 (full 0):
 garbage-first heap   total 354304K, used 139724K [0x000000070a400000, 0x0000000800000000)
  region size 2048K, 8 young (16384K), 2 survivors (4096K)
 Metaspace       used 61573K, committed 62592K, reserved 1114112K
  class space    used 6449K, committed 6784K, reserved 1048576K
}
Event: 106.504 GC heap after
{Heap after GC invocations=55 (full 0):
 garbage-first heap   total 354304K, used 113641K [0x000000070a400000, 0x0000000800000000)
  region size 2048K, 1 young (2048K), 1 survivors (2048K)
 Metaspace       used 61573K, committed 62592K, reserved 1114112K
  class space    used 6449K, committed 6784K, reserved 1048576K
}
Event: 106.819 GC heap before
{Heap before GC invocations=55 (full 0):
 garbage-first heap   total 354304K, used 291817K [0x000000070a400000, 0x0000000800000000)
  region size 2048K, 88 young (180224K), 1 survivors (2048K)
 Metaspace       used 61614K, committed 62592K, reserved 1114112K
  class space    used 6451K, committed 6784K, reserved 1048576K
}
Event: 106.820 GC heap after
{Heap after GC invocations=56 (full 0):
 garbage-first heap   total 354304K, used 114092K [0x000000070a400000, 0x0000000800000000)
  region size 2048K, 1 young (2048K), 1 survivors (2048K)
 Metaspace       used 61614K, committed 62592K, reserved 1114112K
  class space    used 6451K, committed 6784K, reserved 1048576K
}
Event: 107.426 GC heap before
{Heap before GC invocations=56 (full 0):
 garbage-first heap   total 354304K, used 220588K [0x000000070a400000, 0x0000000800000000)
  region size 2048K, 54 young (110592K), 1 survivors (2048K)
 Metaspace       used 63038K, committed 63552K, reserved 1114112K
  class space    used 6659K, committed 6848K, reserved 1048576K
}
Event: 107.430 GC heap after
{Heap after GC invocations=57 (full 0):
 garbage-first heap   total 354304K, used 115915K [0x000000070a400000, 0x0000000800000000)
  region size 2048K, 2 young (4096K), 2 survivors (4096K)
 Metaspace       used 63038K, committed 63552K, reserved 1114112K
  class space    used 6659K, committed 6848K, reserved 1048576K
}
Event: 120.270 GC heap before
{Heap before GC invocations=58 (full 0):
 garbage-first heap   total 354304K, used 339147K [0x000000070a400000, 0x0000000800000000)
  region size 2048K, 65 young (133120K), 2 survivors (4096K)
 Metaspace       used 67893K, committed 68480K, reserved 1114112K
  class space    used 7307K, committed 7552K, reserved 1048576K
}
Event: 120.277 GC heap after
{Heap after GC invocations=59 (full 0):
 garbage-first heap   total 354304K, used 116481K [0x000000070a400000, 0x0000000800000000)
  region size 2048K, 3 young (6144K), 3 survivors (6144K)
 Metaspace       used 67893K, committed 68480K, reserved 1114112K
  class space    used 7307K, committed 7552K, reserved 1048576K
}
Event: 120.374 GC heap before
{Heap before GC invocations=59 (full 0):
 garbage-first heap   total 354304K, used 126721K [0x000000070a400000, 0x0000000800000000)
  region size 2048K, 8 young (16384K), 3 survivors (6144K)
 Metaspace       used 68047K, committed 68608K, reserved 1114112K
  class space    used 7314K, committed 7552K, reserved 1048576K
}
Event: 120.384 GC heap after
{Heap after GC invocations=60 (full 0):
 garbage-first heap   total 354304K, used 114397K [0x000000070a400000, 0x0000000800000000)
  region size 2048K, 1 young (2048K), 1 survivors (2048K)
 Metaspace       used 68047K, committed 68608K, reserved 1114112K
  class space    used 7314K, committed 7552K, reserved 1048576K
}
Event: 151.167 GC heap before
{Heap before GC invocations=60 (full 0):
 garbage-first heap   total 354304K, used 300765K [0x000000070a400000, 0x0000000800000000)
  region size 2048K, 91 young (186368K), 1 survivors (2048K)
 Metaspace       used 78844K, committed 79680K, reserved 1179648K
  class space    used 8528K, committed 8896K, reserved 1048576K
}
Event: 151.186 GC heap after
{Heap after GC invocations=61 (full 0):
 garbage-first heap   total 354304K, used 127951K [0x000000070a400000, 0x0000000800000000)
  region size 2048K, 8 young (16384K), 8 survivors (16384K)
 Metaspace       used 78844K, committed 79680K, reserved 1179648K
  class space    used 8528K, committed 8896K, reserved 1048576K
}
Event: 151.898 GC heap before
{Heap before GC invocations=61 (full 0):
 garbage-first heap   total 354304K, used 168911K [0x000000070a400000, 0x0000000800000000)
  region size 2048K, 29 young (59392K), 8 survivors (16384K)
 Metaspace       used 81318K, committed 82240K, reserved 1179648K
  class space    used 8852K, committed 9280K, reserved 1048576K
}
Event: 151.918 GC heap after
{Heap after GC invocations=62 (full 0):
 garbage-first heap   total 354304K, used 130463K [0x000000070a400000, 0x0000000800000000)
  region size 2048K, 2 young (4096K), 2 survivors (4096K)
 Metaspace       used 81318K, committed 82240K, reserved 1179648K
  class space    used 8852K, committed 9280K, reserved 1048576K
}

